{
  "RSpec": {
    "coverage": {
      "/Users/davidhoupapa/Projects/bank_tech_test/spec/bank_spec.rb": {
        "lines": [
          1,
          null,
          1,
          null,
          6,
          8,
          null,
          8,
          8,
          null,
          1,
          1,
          null,
          null,
          1,
          1,
          null,
          null,
          1,
          1,
          1,
          1,
          1,
          1,
          null,
          null,
          1,
          1,
          1,
          1,
          null,
          null,
          1,
          1,
          1,
          null,
          null,
          1,
          1,
          1,
          1,
          null,
          null,
          null,
          null,
          1,
          1,
          1,
          1,
          1,
          null,
          null,
          null,
          null,
          null,
          null,
          null,
          null,
          null,
          null,
          null,
          null,
          null,
          null,
          null,
          null,
          null,
          null
        ]
      },
      "/Users/davidhoupapa/Projects/bank_tech_test/lib/Bank.rb": {
        "lines": [
          1,
          1,
          null,
          1,
          7,
          7,
          null,
          null,
          1,
          7,
          7,
          null,
          null,
          1,
          null,
          1,
          7,
          6,
          null,
          1,
          null,
          7,
          null,
          null,
          null
        ]
      },
      "/Users/davidhoupapa/Projects/bank_tech_test/spec/statement_spec.rb": {
        "lines": [
          1,
          null,
          1,
          3,
          null,
          1,
          1,
          null,
          null,
          null,
          1,
          1,
          1,
          null,
          1,
          1,
          1,
          1,
          null,
          null,
          null,
          1,
          1,
          1,
          1,
          1,
          null,
          null,
          null
        ]
      },
      "/Users/davidhoupapa/Projects/bank_tech_test/lib/statement.rb": {
        "lines": [
          1,
          null,
          1,
          1,
          null,
          null,
          1,
          1,
          0,
          null,
          null,
          1,
          1,
          1,
          1,
          0,
          0,
          0,
          null,
          null,
          0,
          null,
          null
        ]
      }
    },
    "timestamp": 1635266335
  }
}
